build/app/outputs/mapping/release/mapping.txt
# compiler: R8
# compiler_version: 1.5.64
# min_api: 19
# pg_map_id: 045e343
...
com.google.android.gms.maps.UiSettings -> com.google.android.gms.maps.h:
    com.google.android.gms.maps.internal.IUiSettingsDelegate zzcj -> a
    boolean isCompassEnabled() -> a
    void setCompassEnabled(boolean) -> a
    boolean isMapToolbarEnabled() -> b
    void setMapToolbarEnabled(boolean) -> b
    boolean isMyLocationButtonEnabled() -> c
    void setMyLocationButtonEnabled(boolean) -> c
    boolean isRotateGesturesEnabled() -> d
    void setRotateGesturesEnabled(boolean) -> d
    boolean isScrollGesturesEnabled() -> e
    void setScrollGesturesEnabled(boolean) -> e
    boolean isTiltGesturesEnabled() -> f
    void setTiltGesturesEnabled(boolean) -> f
    boolean isZoomControlsEnabled() -> g
    void setZoomControlsEnabled(boolean) -> g
    boolean isZoomGesturesEnabled() -> h
    void setZoomGesturesEnabled(boolean) -> h
com.google.android.gms.maps.internal.ICameraUpdateFactoryDelegate -> com.google.android.gms.maps.i.a:
    com.google.android.gms.dynamic.IObjectWrapper zoomIn() -> A
    com.google.android.gms.dynamic.IObjectWrapper newCameraPosition(com.google.android.gms.maps.model.CameraPosition) -> a
    com.google.android.gms.dynamic.IObjectWrapper newLatLng(com.google.android.gms.maps.model.LatLng) -> a
    com.google.android.gms.dynamic.IObjectWrapper newLatLngBounds(com.google.android.gms.maps.model.LatLngBounds,int) -> a
    com.google.android.gms.dynamic.IObjectWrapper newLatLngZoom(com.google.android.gms.maps.model.LatLng,float) -> a
    com.google.android.gms.dynamic.IObjectWrapper scrollBy(float,float) -> a
    com.google.android.gms.dynamic.IObjectWrapper zoomBy(float) -> a
    com.google.android.gms.dynamic.IObjectWrapper zoomByWithFocus(float,int,int) -> a
    com.google.android.gms.dynamic.IObjectWrapper zoomTo(float) -> c
    com.google.android.gms.dynamic.IObjectWrapper zoomOut() -> u
com.google.android.gms.maps.internal.IGoogleMapDelegate -> com.google.android.gms.maps.i.b:
    float getMaxZoomLevel() -> C
    boolean isTrafficEnabled() -> G
    com.google.android.gms.internal.maps.zzh addCircle(com.google.android.gms.maps.model.CircleOptions) -> a
    com.google.android.gms.internal.maps.zzt addMarker(com.google.android.gms.maps.model.MarkerOptions) -> a
    com.google.android.gms.internal.maps.zzw addPolygon(com.google.android.gms.maps.model.PolygonOptions) -> a
    com.google.android.gms.internal.maps.zzz addPolyline(com.google.android.gms.maps.model.PolylineOptions) -> a
    void setLatLngBoundsForCameraTarget(com.google.android.gms.maps.model.LatLngBounds) -> a
    boolean setMapStyle(com.google.android.gms.maps.model.MapStyleOptions) -> a
    void setOnCameraIdleListener(com.google.android.gms.maps.internal.zzn) -> a
    void setOnCameraMoveListener(com.google.android.gms.maps.internal.zzr) -> a
    void setOnCameraMoveStartedListener(com.google.android.gms.maps.internal.zzt) -> a
    void setOnCircleClickListener(com.google.android.gms.maps.internal.zzv) -> a
    void setOnInfoWindowClickListener(com.google.android.gms.maps.internal.zzab) -> a
    void setOnMapClickListener(com.google.android.gms.maps.internal.zzaj) -> a
    void setOnMapLongClickListener(com.google.android.gms.maps.internal.zzan) -> a
    void setOnMarkerClickListener(com.google.android.gms.maps.internal.zzar) -> a
com.google.android.gms.maps.internal.IMapViewDelegate -> com.google.android.gms.maps.i.c:
    void getMapAsync(com.google.android.gms.maps.internal.zzap) -> a
com.google.android.gms.maps.internal.IProjectionDelegate -> com.google.android.gms.maps.i.d:
    com.google.android.gms.maps.model.VisibleRegion getVisibleRegion() -> E
    com.google.android.gms.dynamic.IObjectWrapper toScreenLocation(com.google.android.gms.maps.model.LatLng) -> b
    com.google.android.gms.maps.model.LatLng fromScreenLocation(com.google.android.gms.dynamic.IObjectWrapper) -> d